2024-10-22 11:05:38,892 [Worker-4: Loading available Gradle versions] INFO  o.e.b.c.i.u.g.PublishedGradleVersions - Gradle version information cache is out-of-date. Trying to update.
2024-10-22 11:51:48,038 [Worker-13: Import Getting Started Content] INFO  o.e.m.c.i.l.LifecycleMappingFactory - Using org.eclipse.m2e.jdt.JarLifecycleMapping lifecycle mapping for MavenProject: com.AvsoftTechnologies:EmployeeManagmentService:1.0-SNAPSHOT @ C:\Users\Mr.Shekhar\Desktop\AVSOFT\EmployeeManagmentService\pom.xml.
2024-10-22 11:51:52,468 [Worker-13: Import Getting Started Content] INFO  o.e.m.j.i.AbstractJavaProjectConfigurator - Adding source folder /EmployeeManagmentService/src/main/java
2024-10-22 11:51:52,472 [Worker-13: Import Getting Started Content] INFO  o.e.m.j.i.AbstractJavaProjectConfigurator - Adding resource folder /EmployeeManagmentService/src/main/resources
2024-10-22 11:51:52,485 [Worker-13: Import Getting Started Content] INFO  o.e.m.j.i.AbstractJavaProjectConfigurator - Adding resource folder /EmployeeManagmentService/src/main/resources
2024-10-22 11:51:52,492 [Worker-13: Import Getting Started Content] INFO  o.e.m.j.i.AbstractJavaProjectConfigurator - Adding source folder /EmployeeManagmentService/src/test/java
2024-10-22 11:51:52,493 [Worker-13: Import Getting Started Content] INFO  o.e.m.j.i.AbstractJavaProjectConfigurator - Adding resource folder /EmployeeManagmentService/src/test/resources
2024-10-22 11:51:55,748 [Worker-13: Import Getting Started Content] INFO  o.e.m.c.i.p.ProjectConfigurationManager - Imported and configured 1 project(s) in 14 sec
2024-10-22 11:51:55,760 [Worker-13: Import Getting Started Content] INFO  o.e.m.c.i.p.ProjectConfigurationManager - Update started
2024-10-22 11:51:57,060 [Worker-13: Import Getting Started Content] INFO  o.e.m.c.i.l.LifecycleMappingFactory - Using org.eclipse.m2e.jdt.JarLifecycleMapping lifecycle mapping for MavenProject: com.AvsoftTechnologies:EmployeeManagmentService:1.0-SNAPSHOT @ C:\Users\Mr.Shekhar\Desktop\AVSOFT\EmployeeManagmentService\pom.xml.
2024-10-22 11:51:59,106 [Worker-13: Import Getting Started Content] INFO  o.e.m.j.i.AbstractJavaProjectConfigurator - Adding source folder /EmployeeManagmentService/src/main/java
2024-10-22 11:51:59,108 [Worker-13: Import Getting Started Content] INFO  o.e.m.j.i.AbstractJavaProjectConfigurator - Adding resource folder /EmployeeManagmentService/src/main/resources
2024-10-22 11:51:59,110 [Worker-13: Import Getting Started Content] INFO  o.e.m.j.i.AbstractJavaProjectConfigurator - Adding resource folder /EmployeeManagmentService/src/main/resources
2024-10-22 11:51:59,111 [Worker-13: Import Getting Started Content] INFO  o.e.m.j.i.AbstractJavaProjectConfigurator - Adding source folder /EmployeeManagmentService/src/test/java
2024-10-22 11:51:59,115 [Worker-13: Import Getting Started Content] INFO  o.e.m.j.i.AbstractJavaProjectConfigurator - Adding resource folder /EmployeeManagmentService/src/test/resources
2024-10-22 11:52:00,811 [Worker-13: Import Getting Started Content] INFO  o.e.m.c.i.p.ProjectConfigurationManager - Update completed for 1 poms: local refresh takes 0.00 sec, refresh facades takes 3.00 sec, update config takes 0.00 sec 
2024-10-22 11:52:01,267 [Worker-14: Updating Maven Project] INFO  o.e.m.c.i.p.ProjectConfigurationManager - Update started
2024-10-22 11:52:02,621 [Worker-14: Updating Maven Project] INFO  o.e.m.c.i.l.LifecycleMappingFactory - Using org.eclipse.m2e.jdt.JarLifecycleMapping lifecycle mapping for MavenProject: com.AvsoftTechnologies:EmployeeManagmentService:1.0-SNAPSHOT @ C:\Users\Mr.Shekhar\Desktop\AVSOFT\EmployeeManagmentService\pom.xml.
2024-10-22 11:52:04,625 [Worker-14: Updating Maven Project] INFO  o.e.m.j.i.AbstractJavaProjectConfigurator - Adding source folder /EmployeeManagmentService/src/main/java
2024-10-22 11:52:04,626 [Worker-14: Updating Maven Project] INFO  o.e.m.j.i.AbstractJavaProjectConfigurator - Adding resource folder /EmployeeManagmentService/src/main/resources
2024-10-22 11:52:04,628 [Worker-14: Updating Maven Project] INFO  o.e.m.j.i.AbstractJavaProjectConfigurator - Adding resource folder /EmployeeManagmentService/src/main/resources
2024-10-22 11:52:04,631 [Worker-14: Updating Maven Project] INFO  o.e.m.j.i.AbstractJavaProjectConfigurator - Adding source folder /EmployeeManagmentService/src/test/java
2024-10-22 11:52:04,634 [Worker-14: Updating Maven Project] INFO  o.e.m.j.i.AbstractJavaProjectConfigurator - Adding resource folder /EmployeeManagmentService/src/test/resources
2024-10-22 11:52:05,712 [Worker-14: Updating Maven Project] INFO  o.e.m.c.i.p.ProjectConfigurationManager - Update completed for 1 poms: local refresh takes 0.00 sec, refresh facades takes 3.00 sec, update config takes 1.00 sec 
2024-10-22 11:52:09,616 [Worker-13: Building] INFO  o.a.m.s.f.DefaultMavenResourcesFiltering - Copying 1 resource from src\main\resources to target\classes
2024-10-22 11:52:09,671 [Worker-13: Building] INFO  o.a.m.s.f.DefaultMavenResourcesFiltering - Copying 0 resource from src\main\resources to target\classes
2024-10-22 11:52:09,704 [Worker-13: Building] INFO  o.a.m.s.f.DefaultMavenResourcesFiltering - skip non existing resourceDirectory C:\Users\Mr.Shekhar\Desktop\AVSOFT\EmployeeManagmentService\src\test\resources
2024-10-22 11:53:22,390 [Worker-11: Building] INFO  o.a.m.s.f.DefaultMavenResourcesFiltering - Copying 1 resource from src\main\resources to target\classes
2024-10-22 11:53:22,403 [Worker-11: Building] INFO  o.a.m.s.f.DefaultMavenResourcesFiltering - Copying 0 resource from src\main\resources to target\classes
2024-10-22 11:53:22,416 [Worker-11: Building] INFO  o.a.m.s.f.DefaultMavenResourcesFiltering - skip non existing resourceDirectory C:\Users\Mr.Shekhar\Desktop\AVSOFT\EmployeeManagmentService\src\test\resources
2024-10-22 11:54:06,126 [Worker-13: Building] INFO  o.a.m.s.f.DefaultMavenResourcesFiltering - Copying 1 resource from src\main\resources to target\classes
2024-10-22 11:54:06,161 [Worker-13: Building] INFO  o.a.m.s.f.DefaultMavenResourcesFiltering - Copying 0 resource from src\main\resources to target\classes
2024-10-22 11:54:06,174 [Worker-13: Building] INFO  o.a.m.s.f.DefaultMavenResourcesFiltering - skip non existing resourceDirectory C:\Users\Mr.Shekhar\Desktop\AVSOFT\EmployeeManagmentService\src\test\resources
2024-10-22 11:54:22,984 [Worker-17: Building] INFO  o.a.m.s.f.DefaultMavenResourcesFiltering - Copying 1 resource from src\main\resources to target\classes
2024-10-22 11:54:22,996 [Worker-17: Building] INFO  o.a.m.s.f.DefaultMavenResourcesFiltering - Copying 0 resource from src\main\resources to target\classes
2024-10-22 11:54:23,009 [Worker-17: Building] INFO  o.a.m.s.f.DefaultMavenResourcesFiltering - skip non existing resourceDirectory C:\Users\Mr.Shekhar\Desktop\AVSOFT\EmployeeManagmentService\src\test\resources
2024-10-22 11:54:37,738 [Worker-11: Building] INFO  o.a.m.s.f.DefaultMavenResourcesFiltering - Copying 0 resource from src\main\resources to target\classes
2024-10-22 11:54:37,740 [Worker-11: Building] INFO  o.a.m.s.f.DefaultMavenResourcesFiltering - Copying 0 resource from src\main\resources to target\classes
2024-10-22 11:54:37,752 [Worker-11: Building] INFO  o.a.m.s.f.DefaultMavenResourcesFiltering - skip non existing resourceDirectory C:\Users\Mr.Shekhar\Desktop\AVSOFT\EmployeeManagmentService\src\test\resources
2024-10-22 11:54:57,924 [Worker-16: Building] INFO  o.a.m.s.f.DefaultMavenResourcesFiltering - Copying 1 resource from src\main\resources to target\classes
2024-10-22 11:54:57,937 [Worker-16: Building] INFO  o.a.m.s.f.DefaultMavenResourcesFiltering - Copying 0 resource from src\main\resources to target\classes
2024-10-22 11:54:57,950 [Worker-16: Building] INFO  o.a.m.s.f.DefaultMavenResourcesFiltering - skip non existing resourceDirectory C:\Users\Mr.Shekhar\Desktop\AVSOFT\EmployeeManagmentService\src\test\resources
2024-10-22 11:55:29,473 [Worker-12: Building] INFO  o.a.m.s.f.DefaultMavenResourcesFiltering - Copying 1 resource from src\main\resources to target\classes
2024-10-22 11:55:29,487 [Worker-12: Building] INFO  o.a.m.s.f.DefaultMavenResourcesFiltering - Copying 0 resource from src\main\resources to target\classes
2024-10-22 11:55:29,500 [Worker-12: Building] INFO  o.a.m.s.f.DefaultMavenResourcesFiltering - skip non existing resourceDirectory C:\Users\Mr.Shekhar\Desktop\AVSOFT\EmployeeManagmentService\src\test\resources
2024-10-22 11:55:34,392 [Worker-13: Building] INFO  o.a.m.s.f.DefaultMavenResourcesFiltering - Copying 1 resource from src\main\resources to target\classes
2024-10-22 11:55:34,402 [Worker-13: Building] INFO  o.a.m.s.f.DefaultMavenResourcesFiltering - Copying 0 resource from src\main\resources to target\classes
2024-10-22 11:55:34,410 [Worker-13: Building] INFO  o.a.m.s.f.DefaultMavenResourcesFiltering - skip non existing resourceDirectory C:\Users\Mr.Shekhar\Desktop\AVSOFT\EmployeeManagmentService\src\test\resources
2024-10-22 11:56:00,539 [Worker-12: Building] INFO  o.a.m.s.f.DefaultMavenResourcesFiltering - Copying 1 resource from src\main\resources to target\classes
2024-10-22 11:56:00,549 [Worker-12: Building] INFO  o.a.m.s.f.DefaultMavenResourcesFiltering - Copying 0 resource from src\main\resources to target\classes
2024-10-22 11:56:00,571 [Worker-12: Building] INFO  o.a.m.s.f.DefaultMavenResourcesFiltering - skip non existing resourceDirectory C:\Users\Mr.Shekhar\Desktop\AVSOFT\EmployeeManagmentService\src\test\resources
2024-10-22 11:56:08,594 [Start Help Server] INFO  org.eclipse.jetty.server.Server - jetty-12.0.9; built: 2024-05-03T13:03:17.262Z; git: efe8023327e67287f9bfd006700e6a71d45b5dd6; jvm 21.0.3+9-LTS
2024-10-22 11:56:08,737 [Start Help Server] INFO  o.e.j.server.handler.ContextHandler - Started oeje8n.ContextHandler$CoreContextHandler@1b4ae944{/help,/help,b=null,a=AVAILABLE,h=oeje8n.ContextHandler$CoreContextHandler$CoreToNestedHandler@5c0d1dd1{STARTED}}
2024-10-22 11:56:08,739 [Start Help Server] INFO  o.e.j.s.DefaultSessionIdManager - Session workerName=node0
2024-10-22 11:56:08,797 [Start Help Server] INFO  o.e.jetty.server.AbstractConnector - Started ServerConnector@7b27f3f4{HTTP/1.1, (http/1.1)}{127.0.0.1:49537}
2024-10-22 11:56:08,815 [Start Help Server] INFO  org.eclipse.jetty.server.Server - Started oejs.Server@8b0a570{STARTING}[12.0.9,sto=0] @3134856ms
2024-10-22 11:56:24,059 [Worker-13: Building] INFO  o.a.m.s.f.DefaultMavenResourcesFiltering - Copying 1 resource from src\main\resources to target\classes
2024-10-22 11:56:24,067 [Worker-13: Building] INFO  o.a.m.s.f.DefaultMavenResourcesFiltering - Copying 0 resource from src\main\resources to target\classes
2024-10-22 11:56:24,073 [Worker-13: Building] INFO  o.a.m.s.f.DefaultMavenResourcesFiltering - skip non existing resourceDirectory C:\Users\Mr.Shekhar\Desktop\AVSOFT\EmployeeManagmentService\src\test\resources
2024-10-22 11:56:37,995 [Worker-17: Building] INFO  o.a.m.s.f.DefaultMavenResourcesFiltering - Copying 1 resource from src\main\resources to target\classes
2024-10-22 11:56:38,002 [Worker-17: Building] INFO  o.a.m.s.f.DefaultMavenResourcesFiltering - Copying 0 resource from src\main\resources to target\classes
2024-10-22 11:56:38,007 [Worker-17: Building] INFO  o.a.m.s.f.DefaultMavenResourcesFiltering - skip non existing resourceDirectory C:\Users\Mr.Shekhar\Desktop\AVSOFT\EmployeeManagmentService\src\test\resources
2024-10-22 11:56:58,430 [Worker-11: Building] INFO  o.a.m.s.f.DefaultMavenResourcesFiltering - Copying 1 resource from src\main\resources to target\classes
2024-10-22 11:56:58,443 [Worker-11: Building] INFO  o.a.m.s.f.DefaultMavenResourcesFiltering - Copying 0 resource from src\main\resources to target\classes
2024-10-22 11:56:58,451 [Worker-11: Building] INFO  o.a.m.s.f.DefaultMavenResourcesFiltering - skip non existing resourceDirectory C:\Users\Mr.Shekhar\Desktop\AVSOFT\EmployeeManagmentService\src\test\resources
2024-10-22 11:57:13,795 [Worker-13: Building] INFO  o.a.m.s.f.DefaultMavenResourcesFiltering - Copying 1 resource from src\main\resources to target\classes
2024-10-22 11:57:13,814 [Worker-13: Building] INFO  o.a.m.s.f.DefaultMavenResourcesFiltering - Copying 0 resource from src\main\resources to target\classes
2024-10-22 11:57:13,824 [Worker-13: Building] INFO  o.a.m.s.f.DefaultMavenResourcesFiltering - skip non existing resourceDirectory C:\Users\Mr.Shekhar\Desktop\AVSOFT\EmployeeManagmentService\src\test\resources
2024-10-22 11:57:22,414 [Worker-19: Building] INFO  o.a.m.s.f.DefaultMavenResourcesFiltering - Copying 1 resource from src\main\resources to target\classes
2024-10-22 11:57:22,422 [Worker-19: Building] INFO  o.a.m.s.f.DefaultMavenResourcesFiltering - Copying 0 resource from src\main\resources to target\classes
2024-10-22 11:57:22,429 [Worker-19: Building] INFO  o.a.m.s.f.DefaultMavenResourcesFiltering - skip non existing resourceDirectory C:\Users\Mr.Shekhar\Desktop\AVSOFT\EmployeeManagmentService\src\test\resources
2024-10-22 11:57:29,300 [Worker-15: Building] INFO  o.a.m.s.f.DefaultMavenResourcesFiltering - Copying 1 resource from src\main\resources to target\classes
2024-10-22 11:57:29,313 [Worker-15: Building] INFO  o.a.m.s.f.DefaultMavenResourcesFiltering - Copying 0 resource from src\main\resources to target\classes
2024-10-22 11:57:29,321 [Worker-15: Building] INFO  o.a.m.s.f.DefaultMavenResourcesFiltering - skip non existing resourceDirectory C:\Users\Mr.Shekhar\Desktop\AVSOFT\EmployeeManagmentService\src\test\resources
2024-10-22 11:58:27,834 [Worker-18: Building] INFO  o.a.m.s.f.DefaultMavenResourcesFiltering - Copying 1 resource from src\main\resources to target\classes
2024-10-22 11:58:27,840 [Worker-18: Building] INFO  o.a.m.s.f.DefaultMavenResourcesFiltering - Copying 0 resource from src\main\resources to target\classes
2024-10-22 11:58:27,846 [Worker-18: Building] INFO  o.a.m.s.f.DefaultMavenResourcesFiltering - skip non existing resourceDirectory C:\Users\Mr.Shekhar\Desktop\AVSOFT\EmployeeManagmentService\src\test\resources
2024-10-22 11:58:28,939 [Worker-18: Building] INFO  o.a.m.s.f.DefaultMavenResourcesFiltering - Copying 1 resource from src\main\resources to target\classes
2024-10-22 11:58:28,947 [Worker-18: Building] INFO  o.a.m.s.f.DefaultMavenResourcesFiltering - Copying 0 resource from src\main\resources to target\classes
2024-10-22 11:58:28,954 [Worker-18: Building] INFO  o.a.m.s.f.DefaultMavenResourcesFiltering - skip non existing resourceDirectory C:\Users\Mr.Shekhar\Desktop\AVSOFT\EmployeeManagmentService\src\test\resources
2024-10-22 11:58:54,514 [Worker-19: Building] INFO  o.a.m.s.f.DefaultMavenResourcesFiltering - Copying 1 resource from src\main\resources to target\classes
2024-10-22 11:58:54,521 [Worker-19: Building] INFO  o.a.m.s.f.DefaultMavenResourcesFiltering - Copying 0 resource from src\main\resources to target\classes
2024-10-22 11:58:54,527 [Worker-19: Building] INFO  o.a.m.s.f.DefaultMavenResourcesFiltering - skip non existing resourceDirectory C:\Users\Mr.Shekhar\Desktop\AVSOFT\EmployeeManagmentService\src\test\resources
2024-10-22 11:59:20,086 [Worker-13: Building] INFO  o.a.m.s.f.DefaultMavenResourcesFiltering - Copying 1 resource from src\main\resources to target\classes
2024-10-22 11:59:20,099 [Worker-13: Building] INFO  o.a.m.s.f.DefaultMavenResourcesFiltering - Copying 0 resource from src\main\resources to target\classes
2024-10-22 11:59:20,105 [Worker-13: Building] INFO  o.a.m.s.f.DefaultMavenResourcesFiltering - skip non existing resourceDirectory C:\Users\Mr.Shekhar\Desktop\AVSOFT\EmployeeManagmentService\src\test\resources
2024-10-22 12:01:36,612 [Worker-17: Building] INFO  o.a.m.s.f.DefaultMavenResourcesFiltering - Copying 1 resource from src\main\resources to target\classes
2024-10-22 12:01:36,621 [Worker-17: Building] INFO  o.a.m.s.f.DefaultMavenResourcesFiltering - Copying 0 resource from src\main\resources to target\classes
2024-10-22 12:01:36,627 [Worker-17: Building] INFO  o.a.m.s.f.DefaultMavenResourcesFiltering - skip non existing resourceDirectory C:\Users\Mr.Shekhar\Desktop\AVSOFT\EmployeeManagmentService\src\test\resources
2024-10-22 12:02:10,105 [Worker-17: Building] INFO  o.a.m.s.f.DefaultMavenResourcesFiltering - Copying 1 resource from src\main\resources to target\classes
2024-10-22 12:02:10,114 [Worker-17: Building] INFO  o.a.m.s.f.DefaultMavenResourcesFiltering - Copying 0 resource from src\main\resources to target\classes
2024-10-22 12:02:10,121 [Worker-17: Building] INFO  o.a.m.s.f.DefaultMavenResourcesFiltering - skip non existing resourceDirectory C:\Users\Mr.Shekhar\Desktop\AVSOFT\EmployeeManagmentService\src\test\resources
2024-10-22 12:02:12,223 [Worker-12: Building] INFO  o.a.m.s.f.DefaultMavenResourcesFiltering - Copying 1 resource from src\main\resources to target\classes
2024-10-22 12:02:12,231 [Worker-12: Building] INFO  o.a.m.s.f.DefaultMavenResourcesFiltering - Copying 0 resource from src\main\resources to target\classes
2024-10-22 12:02:12,236 [Worker-12: Building] INFO  o.a.m.s.f.DefaultMavenResourcesFiltering - skip non existing resourceDirectory C:\Users\Mr.Shekhar\Desktop\AVSOFT\EmployeeManagmentService\src\test\resources
2024-10-22 12:02:53,779 [Worker-12: Building] INFO  o.a.m.s.f.DefaultMavenResourcesFiltering - Copying 1 resource from src\main\resources to target\classes
2024-10-22 12:02:53,789 [Worker-12: Building] INFO  o.a.m.s.f.DefaultMavenResourcesFiltering - Copying 0 resource from src\main\resources to target\classes
2024-10-22 12:02:53,797 [Worker-12: Building] INFO  o.a.m.s.f.DefaultMavenResourcesFiltering - skip non existing resourceDirectory C:\Users\Mr.Shekhar\Desktop\AVSOFT\EmployeeManagmentService\src\test\resources
2024-10-22 12:03:05,893 [Worker-11: Building] INFO  o.a.m.s.f.DefaultMavenResourcesFiltering - Copying 1 resource from src\main\resources to target\classes
2024-10-22 12:03:05,901 [Worker-11: Building] INFO  o.a.m.s.f.DefaultMavenResourcesFiltering - Copying 0 resource from src\main\resources to target\classes
2024-10-22 12:03:05,908 [Worker-11: Building] INFO  o.a.m.s.f.DefaultMavenResourcesFiltering - skip non existing resourceDirectory C:\Users\Mr.Shekhar\Desktop\AVSOFT\EmployeeManagmentService\src\test\resources
2024-10-22 12:04:19,638 [Worker-13: Building] INFO  o.a.m.s.f.DefaultMavenResourcesFiltering - Copying 1 resource from src\main\resources to target\classes
2024-10-22 12:04:19,647 [Worker-13: Building] INFO  o.a.m.s.f.DefaultMavenResourcesFiltering - Copying 0 resource from src\main\resources to target\classes
2024-10-22 12:04:19,656 [Worker-13: Building] INFO  o.a.m.s.f.DefaultMavenResourcesFiltering - skip non existing resourceDirectory C:\Users\Mr.Shekhar\Desktop\AVSOFT\EmployeeManagmentService\src\test\resources
2024-10-22 12:04:34,672 [Worker-17: Building] INFO  o.a.m.s.f.DefaultMavenResourcesFiltering - Copying 1 resource from src\main\resources to target\classes
2024-10-22 12:04:34,687 [Worker-17: Building] INFO  o.a.m.s.f.DefaultMavenResourcesFiltering - Copying 0 resource from src\main\resources to target\classes
2024-10-22 12:04:34,695 [Worker-17: Building] INFO  o.a.m.s.f.DefaultMavenResourcesFiltering - skip non existing resourceDirectory C:\Users\Mr.Shekhar\Desktop\AVSOFT\EmployeeManagmentService\src\test\resources
2024-10-22 12:05:40,226 [Worker-16: Building] INFO  o.a.m.s.f.DefaultMavenResourcesFiltering - Copying 1 resource from src\main\resources to target\classes
2024-10-22 12:05:40,236 [Worker-16: Building] INFO  o.a.m.s.f.DefaultMavenResourcesFiltering - Copying 0 resource from src\main\resources to target\classes
2024-10-22 12:05:40,243 [Worker-16: Building] INFO  o.a.m.s.f.DefaultMavenResourcesFiltering - skip non existing resourceDirectory C:\Users\Mr.Shekhar\Desktop\AVSOFT\EmployeeManagmentService\src\test\resources
2024-10-22 12:27:06,341 [Stop Help Server] INFO  org.eclipse.jetty.server.Server - Stopped oejs.Server@8b0a570{STOPPING}[12.0.9,sto=0]
2024-10-22 12:27:06,347 [Stop Help Server] INFO  o.e.jetty.server.AbstractConnector - Stopped ServerConnector@7b27f3f4{HTTP/1.1, (http/1.1)}{127.0.0.1:0}
2024-10-23 08:09:38,960 [Worker-1: Loading available Gradle versions] INFO  o.e.b.c.i.u.g.PublishedGradleVersions - Gradle version information cache is up-to-date. Trying to read.
2024-10-23 08:27:49,076 [Worker-7: Import Getting Started Content] INFO  o.e.m.c.i.l.LifecycleMappingFactory - Using org.eclipse.m2e.jdt.JarLifecycleMapping lifecycle mapping for MavenProject: com.AvsoftTechnologies:RedBus:1.0-SNAPSHOT @ C:\Users\Mr.Shekhar\Desktop\AVSOFT\RedBus\pom.xml.
2024-10-23 08:27:52,670 [Worker-7: Import Getting Started Content] INFO  o.e.m.j.i.AbstractJavaProjectConfigurator - Adding source folder /RedBus/src/main/java
2024-10-23 08:27:52,673 [Worker-7: Import Getting Started Content] INFO  o.e.m.j.i.AbstractJavaProjectConfigurator - Adding resource folder /RedBus/src/main/resources
2024-10-23 08:27:52,680 [Worker-7: Import Getting Started Content] INFO  o.e.m.j.i.AbstractJavaProjectConfigurator - Adding resource folder /RedBus/src/main/resources
2024-10-23 08:27:52,688 [Worker-7: Import Getting Started Content] INFO  o.e.m.j.i.AbstractJavaProjectConfigurator - Adding source folder /RedBus/src/test/java
2024-10-23 08:27:52,689 [Worker-7: Import Getting Started Content] INFO  o.e.m.j.i.AbstractJavaProjectConfigurator - Adding resource folder /RedBus/src/test/resources
2024-10-23 08:27:53,409 [Worker-7: Import Getting Started Content] INFO  o.e.m.c.i.p.ProjectConfigurationManager - Imported and configured 1 project(s) in 8 sec
2024-10-23 08:27:53,417 [Worker-7: Import Getting Started Content] INFO  o.e.m.c.i.p.ProjectConfigurationManager - Update started
2024-10-23 08:27:54,219 [Worker-7: Import Getting Started Content] INFO  o.e.m.c.i.l.LifecycleMappingFactory - Using org.eclipse.m2e.jdt.JarLifecycleMapping lifecycle mapping for MavenProject: com.AvsoftTechnologies:RedBus:1.0-SNAPSHOT @ C:\Users\Mr.Shekhar\Desktop\AVSOFT\RedBus\pom.xml.
2024-10-23 08:27:55,539 [Worker-7: Import Getting Started Content] INFO  o.e.m.j.i.AbstractJavaProjectConfigurator - Adding source folder /RedBus/src/main/java
2024-10-23 08:27:55,540 [Worker-7: Import Getting Started Content] INFO  o.e.m.j.i.AbstractJavaProjectConfigurator - Adding resource folder /RedBus/src/main/resources
2024-10-23 08:27:55,542 [Worker-7: Import Getting Started Content] INFO  o.e.m.j.i.AbstractJavaProjectConfigurator - Adding resource folder /RedBus/src/main/resources
2024-10-23 08:27:55,543 [Worker-7: Import Getting Started Content] INFO  o.e.m.j.i.AbstractJavaProjectConfigurator - Adding source folder /RedBus/src/test/java
2024-10-23 08:27:55,544 [Worker-7: Import Getting Started Content] INFO  o.e.m.j.i.AbstractJavaProjectConfigurator - Adding resource folder /RedBus/src/test/resources
2024-10-23 08:27:56,747 [Worker-7: Import Getting Started Content] INFO  o.e.m.c.i.p.ProjectConfigurationManager - Update completed for 1 poms: local refresh takes 0.00 sec, refresh facades takes 2.00 sec, update config takes 0.00 sec 
2024-10-23 08:27:58,443 [Worker-8: Building] INFO  o.a.m.s.f.DefaultMavenResourcesFiltering - Copying 1 resource from src\main\resources to target\classes
2024-10-23 08:27:58,485 [Worker-8: Building] INFO  o.a.m.s.f.DefaultMavenResourcesFiltering - Copying 0 resource from src\main\resources to target\classes
2024-10-23 08:27:58,495 [Worker-8: Building] INFO  o.a.m.s.f.DefaultMavenResourcesFiltering - skip non existing resourceDirectory C:\Users\Mr.Shekhar\Desktop\AVSOFT\RedBus\src\test\resources
2024-10-23 08:28:19,825 [Worker-11: Building] INFO  o.a.m.s.f.DefaultMavenResourcesFiltering - Copying 1 resource from src\main\resources to target\classes
2024-10-23 08:28:19,836 [Worker-11: Building] INFO  o.a.m.s.f.DefaultMavenResourcesFiltering - Copying 0 resource from src\main\resources to target\classes
2024-10-23 08:28:19,842 [Worker-11: Building] INFO  o.a.m.s.f.DefaultMavenResourcesFiltering - skip non existing resourceDirectory C:\Users\Mr.Shekhar\Desktop\AVSOFT\RedBus\src\test\resources
2024-10-23 08:30:48,709 [Worker-1: Building] INFO  o.a.m.s.f.DefaultMavenResourcesFiltering - Copying 1 resource from src\main\resources to target\classes
2024-10-23 08:30:48,720 [Worker-1: Building] INFO  o.a.m.s.f.DefaultMavenResourcesFiltering - Copying 0 resource from src\main\resources to target\classes
2024-10-23 08:30:48,726 [Worker-1: Building] INFO  o.a.m.s.f.DefaultMavenResourcesFiltering - skip non existing resourceDirectory C:\Users\Mr.Shekhar\Desktop\AVSOFT\RedBus\src\test\resources
2024-10-23 08:30:55,580 [Start Help Server] INFO  org.eclipse.jetty.server.Server - jetty-12.0.9; built: 2024-05-03T13:03:17.262Z; git: efe8023327e67287f9bfd006700e6a71d45b5dd6; jvm 21.0.3+9-LTS
2024-10-23 08:30:55,742 [Start Help Server] INFO  o.e.j.server.handler.ContextHandler - Started oeje8n.ContextHandler$CoreContextHandler@31b9e122{/help,/help,b=null,a=AVAILABLE,h=oeje8n.ContextHandler$CoreContextHandler$CoreToNestedHandler@704839eb{STARTED}}
2024-10-23 08:30:55,743 [Start Help Server] INFO  o.e.j.s.DefaultSessionIdManager - Session workerName=node0
2024-10-23 08:30:55,823 [Start Help Server] INFO  o.e.jetty.server.AbstractConnector - Started ServerConnector@7599407a{HTTP/1.1, (http/1.1)}{127.0.0.1:50473}
2024-10-23 08:30:55,916 [Start Help Server] INFO  org.eclipse.jetty.server.Server - Started oejs.Server@45930b0a{STARTING}[12.0.9,sto=0] @1298128ms
2024-10-23 08:31:29,901 [Worker-8: Building] INFO  o.a.m.s.f.DefaultMavenResourcesFiltering - Copying 1 resource from src\main\resources to target\classes
2024-10-23 08:31:29,910 [Worker-8: Building] INFO  o.a.m.s.f.DefaultMavenResourcesFiltering - Copying 0 resource from src\main\resources to target\classes
2024-10-23 08:31:29,917 [Worker-8: Building] INFO  o.a.m.s.f.DefaultMavenResourcesFiltering - skip non existing resourceDirectory C:\Users\Mr.Shekhar\Desktop\AVSOFT\RedBus\src\test\resources
2024-10-23 08:31:45,071 [Worker-2: Building] INFO  o.a.m.s.f.DefaultMavenResourcesFiltering - Copying 1 resource from src\main\resources to target\classes
2024-10-23 08:31:45,078 [Worker-2: Building] INFO  o.a.m.s.f.DefaultMavenResourcesFiltering - Copying 0 resource from src\main\resources to target\classes
2024-10-23 08:31:45,084 [Worker-2: Building] INFO  o.a.m.s.f.DefaultMavenResourcesFiltering - skip non existing resourceDirectory C:\Users\Mr.Shekhar\Desktop\AVSOFT\RedBus\src\test\resources
2024-10-23 08:32:28,204 [Worker-2: Building] INFO  o.a.m.s.f.DefaultMavenResourcesFiltering - Copying 1 resource from src\main\resources to target\classes
2024-10-23 08:32:28,213 [Worker-2: Building] INFO  o.a.m.s.f.DefaultMavenResourcesFiltering - Copying 0 resource from src\main\resources to target\classes
2024-10-23 08:32:28,222 [Worker-2: Building] INFO  o.a.m.s.f.DefaultMavenResourcesFiltering - skip non existing resourceDirectory C:\Users\Mr.Shekhar\Desktop\AVSOFT\RedBus\src\test\resources
2024-10-23 08:32:58,454 [Worker-10: Building] INFO  o.a.m.s.f.DefaultMavenResourcesFiltering - Copying 1 resource from src\main\resources to target\classes
2024-10-23 08:32:58,462 [Worker-10: Building] INFO  o.a.m.s.f.DefaultMavenResourcesFiltering - Copying 0 resource from src\main\resources to target\classes
2024-10-23 08:32:58,471 [Worker-10: Building] INFO  o.a.m.s.f.DefaultMavenResourcesFiltering - skip non existing resourceDirectory C:\Users\Mr.Shekhar\Desktop\AVSOFT\RedBus\src\test\resources
2024-10-23 08:33:26,040 [Worker-2: Building] INFO  o.a.m.s.f.DefaultMavenResourcesFiltering - Copying 1 resource from src\main\resources to target\classes
2024-10-23 08:33:26,047 [Worker-2: Building] INFO  o.a.m.s.f.DefaultMavenResourcesFiltering - Copying 0 resource from src\main\resources to target\classes
2024-10-23 08:33:26,053 [Worker-2: Building] INFO  o.a.m.s.f.DefaultMavenResourcesFiltering - skip non existing resourceDirectory C:\Users\Mr.Shekhar\Desktop\AVSOFT\RedBus\src\test\resources
2024-10-23 08:33:44,571 [Worker-7: Building] INFO  o.a.m.s.f.DefaultMavenResourcesFiltering - Copying 1 resource from src\main\resources to target\classes
2024-10-23 08:33:44,584 [Worker-7: Building] INFO  o.a.m.s.f.DefaultMavenResourcesFiltering - Copying 0 resource from src\main\resources to target\classes
2024-10-23 08:33:44,590 [Worker-7: Building] INFO  o.a.m.s.f.DefaultMavenResourcesFiltering - skip non existing resourceDirectory C:\Users\Mr.Shekhar\Desktop\AVSOFT\RedBus\src\test\resources
2024-10-23 08:34:58,649 [Worker-2: Building] INFO  o.a.m.s.f.DefaultMavenResourcesFiltering - Copying 1 resource from src\main\resources to target\classes
2024-10-23 08:34:58,658 [Worker-2: Building] INFO  o.a.m.s.f.DefaultMavenResourcesFiltering - Copying 0 resource from src\main\resources to target\classes
2024-10-23 08:34:58,667 [Worker-2: Building] INFO  o.a.m.s.f.DefaultMavenResourcesFiltering - skip non existing resourceDirectory C:\Users\Mr.Shekhar\Desktop\AVSOFT\RedBus\src\test\resources
2024-10-23 08:35:27,224 [Worker-2: Building] INFO  o.a.m.s.f.DefaultMavenResourcesFiltering - Copying 1 resource from src\main\resources to target\classes
2024-10-23 08:35:27,230 [Worker-2: Building] INFO  o.a.m.s.f.DefaultMavenResourcesFiltering - Copying 0 resource from src\main\resources to target\classes
2024-10-23 08:35:27,235 [Worker-2: Building] INFO  o.a.m.s.f.DefaultMavenResourcesFiltering - skip non existing resourceDirectory C:\Users\Mr.Shekhar\Desktop\AVSOFT\RedBus\src\test\resources
2024-10-23 08:35:31,118 [Worker-10: Building] INFO  o.a.m.s.f.DefaultMavenResourcesFiltering - Copying 1 resource from src\main\resources to target\classes
2024-10-23 08:35:31,150 [Worker-10: Building] INFO  o.a.m.s.f.DefaultMavenResourcesFiltering - Copying 0 resource from src\main\resources to target\classes
2024-10-23 08:35:31,156 [Worker-10: Building] INFO  o.a.m.s.f.DefaultMavenResourcesFiltering - skip non existing resourceDirectory C:\Users\Mr.Shekhar\Desktop\AVSOFT\RedBus\src\test\resources
2024-10-23 08:35:39,893 [Worker-1: Building] INFO  o.a.m.s.f.DefaultMavenResourcesFiltering - Copying 1 resource from src\main\resources to target\classes
2024-10-23 08:35:39,903 [Worker-1: Building] INFO  o.a.m.s.f.DefaultMavenResourcesFiltering - Copying 0 resource from src\main\resources to target\classes
2024-10-23 08:35:39,909 [Worker-1: Building] INFO  o.a.m.s.f.DefaultMavenResourcesFiltering - skip non existing resourceDirectory C:\Users\Mr.Shekhar\Desktop\AVSOFT\RedBus\src\test\resources
2024-10-23 08:35:49,369 [Worker-8: Building] INFO  o.a.m.s.f.DefaultMavenResourcesFiltering - Copying 1 resource from src\main\resources to target\classes
2024-10-23 08:35:49,377 [Worker-8: Building] INFO  o.a.m.s.f.DefaultMavenResourcesFiltering - Copying 0 resource from src\main\resources to target\classes
2024-10-23 08:35:49,383 [Worker-8: Building] INFO  o.a.m.s.f.DefaultMavenResourcesFiltering - skip non existing resourceDirectory C:\Users\Mr.Shekhar\Desktop\AVSOFT\RedBus\src\test\resources
2024-10-23 08:36:23,114 [Worker-7: Building] INFO  o.a.m.s.f.DefaultMavenResourcesFiltering - Copying 1 resource from src\main\resources to target\classes
2024-10-23 08:36:23,122 [Worker-7: Building] INFO  o.a.m.s.f.DefaultMavenResourcesFiltering - Copying 0 resource from src\main\resources to target\classes
2024-10-23 08:36:23,126 [Worker-7: Building] INFO  o.a.m.s.f.DefaultMavenResourcesFiltering - skip non existing resourceDirectory C:\Users\Mr.Shekhar\Desktop\AVSOFT\RedBus\src\test\resources
2024-10-23 08:37:38,506 [Worker-10: Building] INFO  o.a.m.s.f.DefaultMavenResourcesFiltering - Copying 1 resource from src\main\resources to target\classes
2024-10-23 08:37:38,516 [Worker-10: Building] INFO  o.a.m.s.f.DefaultMavenResourcesFiltering - Copying 0 resource from src\main\resources to target\classes
2024-10-23 08:37:38,521 [Worker-10: Building] INFO  o.a.m.s.f.DefaultMavenResourcesFiltering - skip non existing resourceDirectory C:\Users\Mr.Shekhar\Desktop\AVSOFT\RedBus\src\test\resources
2024-10-23 08:37:52,919 [Worker-11: Building] INFO  o.a.m.s.f.DefaultMavenResourcesFiltering - Copying 1 resource from src\main\resources to target\classes
2024-10-23 08:37:52,930 [Worker-11: Building] INFO  o.a.m.s.f.DefaultMavenResourcesFiltering - Copying 0 resource from src\main\resources to target\classes
2024-10-23 08:37:52,935 [Worker-11: Building] INFO  o.a.m.s.f.DefaultMavenResourcesFiltering - skip non existing resourceDirectory C:\Users\Mr.Shekhar\Desktop\AVSOFT\RedBus\src\test\resources
2024-10-23 08:38:25,634 [Worker-2: Building] INFO  o.a.m.s.f.DefaultMavenResourcesFiltering - Copying 1 resource from src\main\resources to target\classes
2024-10-23 08:38:25,643 [Worker-2: Building] INFO  o.a.m.s.f.DefaultMavenResourcesFiltering - Copying 0 resource from src\main\resources to target\classes
2024-10-23 08:38:25,649 [Worker-2: Building] INFO  o.a.m.s.f.DefaultMavenResourcesFiltering - skip non existing resourceDirectory C:\Users\Mr.Shekhar\Desktop\AVSOFT\RedBus\src\test\resources
2024-10-23 08:42:47,666 [Worker-8: Building] INFO  o.a.m.s.f.DefaultMavenResourcesFiltering - Copying 1 resource from src\main\resources to target\classes
2024-10-23 08:42:47,674 [Worker-8: Building] INFO  o.a.m.s.f.DefaultMavenResourcesFiltering - Copying 0 resource from src\main\resources to target\classes
2024-10-23 08:42:47,679 [Worker-8: Building] INFO  o.a.m.s.f.DefaultMavenResourcesFiltering - skip non existing resourceDirectory C:\Users\Mr.Shekhar\Desktop\AVSOFT\RedBus\src\test\resources
2024-10-23 08:44:22,856 [Worker-2: Building] INFO  o.a.m.s.f.DefaultMavenResourcesFiltering - Copying 1 resource from src\main\resources to target\classes
2024-10-23 08:44:22,863 [Worker-2: Building] INFO  o.a.m.s.f.DefaultMavenResourcesFiltering - Copying 0 resource from src\main\resources to target\classes
2024-10-23 08:44:22,868 [Worker-2: Building] INFO  o.a.m.s.f.DefaultMavenResourcesFiltering - skip non existing resourceDirectory C:\Users\Mr.Shekhar\Desktop\AVSOFT\RedBus\src\test\resources
2024-10-23 08:47:30,739 [Worker-11: Building] INFO  o.a.m.s.f.DefaultMavenResourcesFiltering - Copying 1 resource from src\main\resources to target\classes
2024-10-23 08:47:30,747 [Worker-11: Building] INFO  o.a.m.s.f.DefaultMavenResourcesFiltering - Copying 0 resource from src\main\resources to target\classes
2024-10-23 08:47:30,751 [Worker-11: Building] INFO  o.a.m.s.f.DefaultMavenResourcesFiltering - skip non existing resourceDirectory C:\Users\Mr.Shekhar\Desktop\AVSOFT\RedBus\src\test\resources
2024-10-23 10:12:01,736 [Stop Help Server] INFO  org.eclipse.jetty.server.Server - Stopped oejs.Server@45930b0a{STOPPING}[12.0.9,sto=0]
2024-10-23 10:12:01,768 [Stop Help Server] INFO  o.e.jetty.server.AbstractConnector - Stopped ServerConnector@7599407a{HTTP/1.1, (http/1.1)}{127.0.0.1:0}
2024-10-24 10:53:50,000 [Worker-0: Loading available Gradle versions] INFO  o.e.b.c.i.u.g.PublishedGradleVersions - Gradle version information cache is out-of-date. Trying to update.
2024-10-24 16:11:29,232 [Worker-1: Loading available Gradle versions] INFO  o.e.b.c.i.u.g.PublishedGradleVersions - Gradle version information cache is up-to-date. Trying to read.
2024-10-25 11:26:15,560 [Worker-1: Loading available Gradle versions] INFO  o.e.b.c.i.u.g.PublishedGradleVersions - Gradle version information cache is out-of-date. Trying to update.
2024-11-10 09:18:16,263 [Worker-0: Loading available Gradle versions] INFO  o.e.b.c.i.u.g.PublishedGradleVersions - Gradle version information cache is out-of-date. Trying to update.
2024-11-11 19:18:12,199 [Worker-2: Loading available Gradle versions] INFO  o.e.b.c.i.u.g.PublishedGradleVersions - Gradle version information cache is out-of-date. Trying to update.
2024-12-10 15:55:49,716 [Worker-0: Loading available Gradle versions] INFO  o.e.b.c.i.u.g.PublishedGradleVersions - Gradle version information cache is out-of-date. Trying to update.
2024-12-10 16:05:00,777 [Worker-1: Loading available Gradle versions] INFO  o.e.b.c.i.u.g.PublishedGradleVersions - Gradle version information cache is up-to-date. Trying to read.
2024-12-10 16:06:05,976 [Worker-4: Building] INFO  o.e.m.c.i.l.LifecycleMappingFactory - Using org.eclipse.m2e.jdt.JarLifecycleMapping lifecycle mapping for MavenProject: com.AvsoftTechnologies:EmployeeManagmentService:1.0-SNAPSHOT @ C:\Users\Mr.Shekhar\Desktop\AVSOFT\EmployeeManagmentService\pom.xml.
2024-12-10 16:06:15,390 [Worker-9: Updating Maven Dependencies] INFO  o.e.m.c.i.l.LifecycleMappingFactory - Using org.eclipse.m2e.jdt.JarLifecycleMapping lifecycle mapping for MavenProject: com.AvsoftTechnologies:EmployeeManagmentService:1.0-SNAPSHOT @ C:\Users\Mr.Shekhar\Desktop\AVSOFT\EmployeeManagmentService\pom.xml.
2024-12-10 16:06:16,865 [Worker-9: Updating Maven Dependencies] INFO  o.e.m.c.i.l.LifecycleMappingFactory - Using org.eclipse.m2e.jdt.JarLifecycleMapping lifecycle mapping for MavenProject: com.AvsoftTechnologies:RedBus:1.0-SNAPSHOT @ C:\Users\Mr.Shekhar\Desktop\AVSOFT\RedBus\pom.xml.
2024-12-10 16:06:54,064 [Worker-2: Updating Maven Dependencies] INFO  o.e.m.c.i.l.LifecycleMappingFactory - Using org.eclipse.m2e.jdt.JarLifecycleMapping lifecycle mapping for MavenProject: com.AvSoft:Cache:0.0.1-SNAPSHOT @ C:\Users\Mr.Shekhar\Desktop\AVSOFT\Cache\pom.xml.
2024-12-10 16:06:55,382 [Worker-5: Building] INFO  o.e.m.c.i.l.LifecycleMappingFactory - Using org.eclipse.m2e.jdt.JarLifecycleMapping lifecycle mapping for MavenProject: com.AvSoft:Cache:0.0.1-SNAPSHOT @ C:\Users\Mr.Shekhar\Desktop\AVSOFT\Cache\pom.xml.
2024-12-10 16:06:58,588 [Worker-5: Building] INFO  o.a.m.s.f.DefaultMavenResourcesFiltering - Copying 1 resource from src\main\resources to target\classes
2024-12-10 16:06:58,639 [Worker-5: Building] INFO  o.a.m.s.f.DefaultMavenResourcesFiltering - Copying 0 resource from src\main\resources to target\classes
2024-12-10 16:06:58,647 [Worker-5: Building] INFO  o.a.m.s.f.DefaultMavenResourcesFiltering - skip non existing resourceDirectory C:\Users\Mr.Shekhar\Desktop\AVSOFT\Cache\src\test\resources
2024-12-10 16:07:01,474 [Worker-4: Updating Maven Dependencies] INFO  o.e.m.c.i.l.LifecycleMappingFactory - Using org.eclipse.m2e.jdt.JarLifecycleMapping lifecycle mapping for MavenProject: com.AvSoft:Cache:0.0.1-SNAPSHOT @ C:\Users\Mr.Shekhar\Desktop\AVSOFT\Cache\pom.xml.
2024-12-10 16:07:01,716 [Worker-2: Building] INFO  o.a.m.s.f.DefaultMavenResourcesFiltering - Copying 1 resource from src\main\resources to target\classes
2024-12-10 16:07:01,750 [Worker-2: Building] INFO  o.a.m.s.f.DefaultMavenResourcesFiltering - Copying 0 resource from src\main\resources to target\classes
2024-12-10 16:07:01,761 [Worker-2: Building] INFO  o.a.m.s.f.DefaultMavenResourcesFiltering - skip non existing resourceDirectory C:\Users\Mr.Shekhar\Desktop\AVSOFT\Cache\src\test\resources
2024-12-10 16:14:58,975 [Worker-0: Loading available Gradle versions] INFO  o.e.b.c.i.u.g.PublishedGradleVersions - Gradle version information cache is up-to-date. Trying to read.
2024-12-10 16:17:34,749 [Worker-2: Building] INFO  o.e.m.c.i.l.LifecycleMappingFactory - Using org.eclipse.m2e.jdt.JarLifecycleMapping lifecycle mapping for MavenProject: com.SeleniumExpress:SpringSchedular:0.0.1-SNAPSHOT @ C:\Users\Mr.Shekhar\Desktop\AVSOFT\SpringSchedular\pom.xml.
2024-12-10 16:17:37,714 [Worker-2: Building] INFO  o.a.m.s.f.DefaultMavenResourcesFiltering - Copying 1 resource from src\main\resources to target\classes
2024-12-10 16:17:37,754 [Worker-2: Building] INFO  o.a.m.s.f.DefaultMavenResourcesFiltering - Copying 0 resource from src\main\resources to target\classes
2024-12-10 16:17:37,765 [Worker-2: Building] INFO  o.a.m.s.f.DefaultMavenResourcesFiltering - skip non existing resourceDirectory C:\Users\Mr.Shekhar\Desktop\AVSOFT\SpringSchedular\src\test\resources
2024-12-10 16:17:39,868 [Worker-4: Updating Maven Dependencies] INFO  o.e.m.c.i.l.LifecycleMappingFactory - Using org.eclipse.m2e.jdt.JarLifecycleMapping lifecycle mapping for MavenProject: com.SeleniumExpress:SpringSchedular:0.0.1-SNAPSHOT @ C:\Users\Mr.Shekhar\Desktop\AVSOFT\SpringSchedular\pom.xml.
2024-12-10 16:17:40,632 [Worker-2: Building] INFO  o.a.m.s.f.DefaultMavenResourcesFiltering - Copying 1 resource from src\main\resources to target\classes
2024-12-10 16:17:40,669 [Worker-2: Building] INFO  o.a.m.s.f.DefaultMavenResourcesFiltering - Copying 0 resource from src\main\resources to target\classes
2024-12-10 16:17:40,680 [Worker-2: Building] INFO  o.a.m.s.f.DefaultMavenResourcesFiltering - skip non existing resourceDirectory C:\Users\Mr.Shekhar\Desktop\AVSOFT\SpringSchedular\src\test\resources
2024-12-10 16:17:41,914 [Worker-3: Building] INFO  o.a.m.s.f.DefaultMavenResourcesFiltering - Copying 1 resource from src\main\resources to target\classes
2024-12-10 16:17:41,918 [Worker-3: Building] INFO  o.a.m.s.f.DefaultMavenResourcesFiltering - Copying 0 resource from src\main\resources to target\classes
2024-12-10 16:17:41,925 [Worker-3: Building] INFO  o.a.m.s.f.DefaultMavenResourcesFiltering - skip non existing resourceDirectory C:\Users\Mr.Shekhar\Desktop\AVSOFT\SpringSchedular\src\test\resources
2024-12-10 16:18:21,395 [Worker-1: Building] INFO  o.e.m.c.i.l.LifecycleMappingFactory - Using org.eclipse.m2e.jdt.JarLifecycleMapping lifecycle mapping for MavenProject: com.SeleniumExpress:Cache:0.0.1-SNAPSHOT @ C:\Users\Mr.Shekhar\Desktop\AVSOFT\Cache\pom.xml.
2024-12-10 16:18:22,413 [Worker-1: Building] INFO  o.a.m.s.f.DefaultMavenResourcesFiltering - Copying 1 resource from src\main\resources to target\classes
2024-12-10 16:18:22,453 [Worker-1: Building] INFO  o.a.m.s.f.DefaultMavenResourcesFiltering - Copying 0 resource from src\main\resources to target\classes
2024-12-10 16:18:22,467 [Worker-1: Building] INFO  o.a.m.s.f.DefaultMavenResourcesFiltering - skip non existing resourceDirectory C:\Users\Mr.Shekhar\Desktop\AVSOFT\Cache\src\test\resources
2024-12-10 16:18:27,204 [Worker-1: Building] INFO  o.e.m.c.i.l.LifecycleMappingFactory - Using org.eclipse.m2e.jdt.JarLifecycleMapping lifecycle mapping for MavenProject: com.SeleniumExpress:Cache:0.0.1-SNAPSHOT @ C:\Users\Mr.Shekhar\Desktop\AVSOFT\Cache\pom.xml.
2024-12-10 16:18:29,118 [Worker-1: Building] INFO  o.a.m.s.f.DefaultMavenResourcesFiltering - Copying 1 resource from src\main\resources to target\classes
2024-12-10 16:18:29,155 [Worker-1: Building] INFO  o.a.m.s.f.DefaultMavenResourcesFiltering - Copying 0 resource from src\main\resources to target\classes
2024-12-10 16:18:29,163 [Worker-1: Building] INFO  o.a.m.s.f.DefaultMavenResourcesFiltering - skip non existing resourceDirectory C:\Users\Mr.Shekhar\Desktop\AVSOFT\Cache\src\test\resources
2024-12-10 16:18:34,628 [Worker-4: Updating Maven Project] INFO  o.e.m.c.i.p.ProjectConfigurationManager - Update started
2024-12-10 16:18:38,550 [Worker-4: Updating Maven Project] INFO  o.e.m.c.i.l.LifecycleMappingFactory - Using org.eclipse.m2e.jdt.JarLifecycleMapping lifecycle mapping for MavenProject: com.SeleniumExpress:Cache:0.0.1-SNAPSHOT @ C:\Users\Mr.Shekhar\Desktop\AVSOFT\Cache\pom.xml.
2024-12-10 16:18:39,084 [Worker-4: Updating Maven Project] INFO  o.e.m.c.i.l.LifecycleMappingFactory - Using org.eclipse.m2e.jdt.JarLifecycleMapping lifecycle mapping for MavenProject: com.AvsoftTechnologies:EmployeeManagmentService:1.0-SNAPSHOT @ C:\Users\Mr.Shekhar\Desktop\AVSOFT\EmployeeManagmentService\pom.xml.
2024-12-10 16:18:39,619 [Worker-4: Updating Maven Project] INFO  o.e.m.c.i.l.LifecycleMappingFactory - Using org.eclipse.m2e.jdt.JarLifecycleMapping lifecycle mapping for MavenProject: com.AvsoftTechnologies:RedBus:1.0-SNAPSHOT @ C:\Users\Mr.Shekhar\Desktop\AVSOFT\RedBus\pom.xml.
2024-12-10 16:18:39,876 [Worker-4: Updating Maven Project] INFO  o.e.m.c.i.l.LifecycleMappingFactory - Using org.eclipse.m2e.jdt.JarLifecycleMapping lifecycle mapping for MavenProject: com.SeleniumExpress:SpringSchedular:0.0.1-SNAPSHOT @ C:\Users\Mr.Shekhar\Desktop\AVSOFT\SpringSchedular\pom.xml.
2024-12-10 16:18:41,811 [Worker-4: Updating Maven Project] INFO  o.e.m.j.i.AbstractJavaProjectConfigurator - Adding source folder /Cache/src/main/java
2024-12-10 16:18:41,817 [Worker-4: Updating Maven Project] INFO  o.e.m.j.i.AbstractJavaProjectConfigurator - Adding resource folder /Cache/src/main/resources
2024-12-10 16:18:41,819 [Worker-4: Updating Maven Project] INFO  o.e.m.j.i.AbstractJavaProjectConfigurator - Adding resource folder /Cache/src/main/resources
2024-12-10 16:18:41,820 [Worker-4: Updating Maven Project] INFO  o.e.m.j.i.AbstractJavaProjectConfigurator - Adding source folder /Cache/src/test/java
2024-12-10 16:18:41,823 [Worker-4: Updating Maven Project] INFO  o.e.m.j.i.AbstractJavaProjectConfigurator - Adding resource folder /Cache/src/test/resources
2024-12-10 16:18:42,688 [Worker-4: Updating Maven Project] INFO  o.e.m.j.i.AbstractJavaProjectConfigurator - Adding source folder /EmployeeManagmentService/src/main/java
2024-12-10 16:18:42,689 [Worker-4: Updating Maven Project] INFO  o.e.m.j.i.AbstractJavaProjectConfigurator - Adding resource folder /EmployeeManagmentService/src/main/resources
2024-12-10 16:18:42,690 [Worker-4: Updating Maven Project] INFO  o.e.m.j.i.AbstractJavaProjectConfigurator - Adding resource folder /EmployeeManagmentService/src/main/resources
2024-12-10 16:18:42,691 [Worker-4: Updating Maven Project] INFO  o.e.m.j.i.AbstractJavaProjectConfigurator - Adding source folder /EmployeeManagmentService/src/test/java
2024-12-10 16:18:42,693 [Worker-4: Updating Maven Project] INFO  o.e.m.j.i.AbstractJavaProjectConfigurator - Adding resource folder /EmployeeManagmentService/src/test/resources
2024-12-10 16:18:43,209 [Worker-4: Updating Maven Project] INFO  o.e.m.j.i.AbstractJavaProjectConfigurator - Adding source folder /RedBus/src/main/java
2024-12-10 16:18:43,211 [Worker-4: Updating Maven Project] INFO  o.e.m.j.i.AbstractJavaProjectConfigurator - Adding resource folder /RedBus/src/main/resources
2024-12-10 16:18:43,212 [Worker-4: Updating Maven Project] INFO  o.e.m.j.i.AbstractJavaProjectConfigurator - Adding resource folder /RedBus/src/main/resources
2024-12-10 16:18:43,213 [Worker-4: Updating Maven Project] INFO  o.e.m.j.i.AbstractJavaProjectConfigurator - Adding source folder /RedBus/src/test/java
2024-12-10 16:18:43,215 [Worker-4: Updating Maven Project] INFO  o.e.m.j.i.AbstractJavaProjectConfigurator - Adding resource folder /RedBus/src/test/resources
2024-12-10 16:18:43,741 [Worker-4: Updating Maven Project] INFO  o.e.m.j.i.AbstractJavaProjectConfigurator - Adding source folder /SpringSchedular/src/main/java
2024-12-10 16:18:43,742 [Worker-4: Updating Maven Project] INFO  o.e.m.j.i.AbstractJavaProjectConfigurator - Adding resource folder /SpringSchedular/src/main/resources
2024-12-10 16:18:43,743 [Worker-4: Updating Maven Project] INFO  o.e.m.j.i.AbstractJavaProjectConfigurator - Adding resource folder /SpringSchedular/src/main/resources
2024-12-10 16:18:43,744 [Worker-4: Updating Maven Project] INFO  o.e.m.j.i.AbstractJavaProjectConfigurator - Adding source folder /SpringSchedular/src/test/java
2024-12-10 16:18:43,746 [Worker-4: Updating Maven Project] INFO  o.e.m.j.i.AbstractJavaProjectConfigurator - Adding resource folder /SpringSchedular/src/test/resources
2024-12-10 16:18:44,327 [Worker-4: Updating Maven Project] INFO  o.e.m.c.i.p.ProjectConfigurationManager - Update completed for 4 poms: local refresh takes 0.00 sec, refresh facades takes 6.00 sec, update config takes 2.00 sec 
2024-12-10 16:18:44,926 [Worker-7: Building] INFO  o.a.m.s.f.DefaultMavenResourcesFiltering - Copying 1 resource from src\main\resources to target\classes
2024-12-10 16:18:44,967 [Worker-7: Building] INFO  o.a.m.s.f.DefaultMavenResourcesFiltering - Copying 0 resource from src\main\resources to target\classes
2024-12-10 16:18:44,977 [Worker-7: Building] INFO  o.a.m.s.f.DefaultMavenResourcesFiltering - skip non existing resourceDirectory C:\Users\Mr.Shekhar\Desktop\AVSOFT\Cache\src\test\resources
2024-12-10 16:18:45,567 [Worker-7: Building] INFO  o.a.m.s.f.DefaultMavenResourcesFiltering - Copying 1 resource from src\main\resources to target\classes
2024-12-10 16:18:45,624 [Worker-7: Building] INFO  o.a.m.s.f.DefaultMavenResourcesFiltering - Copying 0 resource from src\main\resources to target\classes
2024-12-10 16:18:45,635 [Worker-7: Building] INFO  o.a.m.s.f.DefaultMavenResourcesFiltering - skip non existing resourceDirectory C:\Users\Mr.Shekhar\Desktop\AVSOFT\EmployeeManagmentService\src\test\resources
2024-12-10 16:18:46,403 [Worker-7: Building] INFO  o.a.m.s.f.DefaultMavenResourcesFiltering - Copying 1 resource from src\main\resources to target\classes
2024-12-10 16:18:46,433 [Worker-7: Building] INFO  o.a.m.s.f.DefaultMavenResourcesFiltering - Copying 0 resource from src\main\resources to target\classes
2024-12-10 16:18:46,444 [Worker-7: Building] INFO  o.a.m.s.f.DefaultMavenResourcesFiltering - skip non existing resourceDirectory C:\Users\Mr.Shekhar\Desktop\AVSOFT\RedBus\src\test\resources
2024-12-10 16:18:46,961 [Worker-7: Building] INFO  o.a.m.s.f.DefaultMavenResourcesFiltering - Copying 1 resource from src\main\resources to target\classes
2024-12-10 16:18:46,998 [Worker-7: Building] INFO  o.a.m.s.f.DefaultMavenResourcesFiltering - Copying 0 resource from src\main\resources to target\classes
2024-12-10 16:18:47,007 [Worker-7: Building] INFO  o.a.m.s.f.DefaultMavenResourcesFiltering - skip non existing resourceDirectory C:\Users\Mr.Shekhar\Desktop\AVSOFT\SpringSchedular\src\test\resources
2024-12-10 16:19:08,902 [Worker-5: Building] INFO  o.a.m.s.f.DefaultMavenResourcesFiltering - Copying 1 resource from src\main\resources to target\classes
2024-12-10 16:19:08,912 [Worker-5: Building] INFO  o.a.m.s.f.DefaultMavenResourcesFiltering - Copying 0 resource from src\main\resources to target\classes
2024-12-10 16:19:08,926 [Worker-5: Building] INFO  o.a.m.s.f.DefaultMavenResourcesFiltering - skip non existing resourceDirectory C:\Users\Mr.Shekhar\Desktop\AVSOFT\Cache\src\test\resources
2024-12-10 16:19:31,936 [Worker-4: Building] INFO  o.a.m.s.f.DefaultMavenResourcesFiltering - Copying 1 resource from src\main\resources to target\classes
2024-12-10 16:19:31,944 [Worker-4: Building] INFO  o.a.m.s.f.DefaultMavenResourcesFiltering - Copying 0 resource from src\main\resources to target\classes
2024-12-10 16:19:31,951 [Worker-4: Building] INFO  o.a.m.s.f.DefaultMavenResourcesFiltering - skip non existing resourceDirectory C:\Users\Mr.Shekhar\Desktop\AVSOFT\Cache\src\test\resources
2024-12-10 16:19:55,072 [Worker-1: Building] INFO  o.a.m.s.f.DefaultMavenResourcesFiltering - Copying 1 resource from src\main\resources to target\classes
2024-12-10 16:19:55,081 [Worker-1: Building] INFO  o.a.m.s.f.DefaultMavenResourcesFiltering - Copying 0 resource from src\main\resources to target\classes
2024-12-10 16:19:55,089 [Worker-1: Building] INFO  o.a.m.s.f.DefaultMavenResourcesFiltering - skip non existing resourceDirectory C:\Users\Mr.Shekhar\Desktop\AVSOFT\Cache\src\test\resources
2024-12-10 16:20:01,149 [Worker-7: Building] INFO  o.a.m.s.f.DefaultMavenResourcesFiltering - Copying 1 resource from src\main\resources to target\classes
2024-12-10 16:20:01,160 [Worker-7: Building] INFO  o.a.m.s.f.DefaultMavenResourcesFiltering - Copying 0 resource from src\main\resources to target\classes
2024-12-10 16:20:01,166 [Worker-7: Building] INFO  o.a.m.s.f.DefaultMavenResourcesFiltering - skip non existing resourceDirectory C:\Users\Mr.Shekhar\Desktop\AVSOFT\Cache\src\test\resources
